<?xml version="1.0" encoding="UTF-8"?>
<!-- Generated by org.testng.reporters.JUnitReportReporter -->
<testsuite hostname="DELL-PC" name="com.testjavamaven.LaunchBrowser" tests="1" failures="0" timestamp="16 Jul 2017 03:09:25 GMT" time="48.264" errors="0">
  <testcase name="launchBrowser" time="48.264" classname="com.testjavamaven.LaunchBrowser"/>
</testsuite> <!-- com.testjavamaven.LaunchBrowser -->
